<?xml version="1.0" encoding="UTF-8"?>
<testng-results ignored="10" total="24" passed="12" failed="2" skipped="0">
  <reporter-output>
  </reporter-output>
  <suite started-at="2024-05-24T19:29:44 IST" name="Suite" finished-at="2024-05-24T19:32:51 IST" duration-ms="186845">
    <groups>
      <group name="ProductInfoPageTest.addProduct">
        <method signature="PRoductInfoPageTest.selectLappy()[pri:0, instance:testCases.PRoductInfoPageTest@3349e9bb]" name="selectLappy" class="testCases.PRoductInfoPageTest"/>
        <method signature="PRoductInfoPageTest.selectMonitor()[pri:0, instance:testCases.PRoductInfoPageTest@3349e9bb]" name="selectMonitor" class="testCases.PRoductInfoPageTest"/>
        <method signature="PRoductInfoPageTest.selectPhone()[pri:0, instance:testCases.PRoductInfoPageTest@3349e9bb]" name="selectPhone" class="testCases.PRoductInfoPageTest"/>
      </group> <!-- ProductInfoPageTest.addProduct -->
    </groups>
    <test started-at="2024-05-24T19:29:44 IST" name="Test" finished-at="2024-05-24T19:32:51 IST" duration-ms="186845">
      <class name="testCases.PaymentInfoPageTest">
        <test-method signature="verifyPurchaseWithoutInfo()[pri:0, instance:testCases.PaymentInfoPageTest@2a3b5b47]" started-at="2024-05-24T19:32:35 IST" name="verifyPurchaseWithoutInfo" finished-at="2024-05-24T19:32:42 IST" duration-ms="7120" status="FAIL">
          <exception class="org.openqa.selenium.UnhandledAlertException">
            <message>
              <![CDATA[unexpected alert open: {Alert text : User does not exist.}
  (Session info: chrome=117.0.5938.149): User does not exist.
Build info: version: '4.20.0', revision: '866c76ca80'
System info: os.name: 'Linux', os.arch: 'amd64', os.version: '5.4.0-150-generic', java.version: '11.0.19'
Driver info: org.openqa.selenium.chrome.ChromeDriver
Command: [187a17ba9edbc85c2b9e560c71b26c9e, findElement {using=xpath, value=//button[text()='Place Order']}]
Capabilities {acceptInsecureCerts: false, browserName: chrome, browserVersion: 117.0.5938.149, chrome: {chromedriverVersion: 117.0.5938.149 (e3344ddefa1..., userDataDir: /tmp/.org.chromium.Chromium...}, fedcm:accounts: true, goog:chromeOptions: {debuggerAddress: localhost:39219}, networkConnectionEnabled: false, pageLoadStrategy: normal, platformName: linux, proxy: Proxy(), se:cdp: ws://localhost:39219/devtoo..., se:cdpVersion: 117.0.5938.149, setWindowRect: true, strictFileInteractability: false, timeouts: {implicit: 0, pageLoad: 300000, script: 30000}, unhandledPromptBehavior: dismiss and notify, webauthn:extension:credBlob: true, webauthn:extension:largeBlob: true, webauthn:extension:minPinLength: true, webauthn:extension:prf: true, webauthn:virtualAuthenticators: true}
Session ID: 187a17ba9edbc85c2b9e560c71b26c9e]]>
            </message>
            <full-stacktrace>
              <![CDATA[org.openqa.selenium.UnhandledAlertException: unexpected alert open: {Alert text : User does not exist.}
  (Session info: chrome=117.0.5938.149): User does not exist.
Build info: version: '4.20.0', revision: '866c76ca80'
System info: os.name: 'Linux', os.arch: 'amd64', os.version: '5.4.0-150-generic', java.version: '11.0.19'
Driver info: org.openqa.selenium.chrome.ChromeDriver
Command: [187a17ba9edbc85c2b9e560c71b26c9e, findElement {using=xpath, value=//button[text()='Place Order']}]
Capabilities {acceptInsecureCerts: false, browserName: chrome, browserVersion: 117.0.5938.149, chrome: {chromedriverVersion: 117.0.5938.149 (e3344ddefa1..., userDataDir: /tmp/.org.chromium.Chromium...}, fedcm:accounts: true, goog:chromeOptions: {debuggerAddress: localhost:39219}, networkConnectionEnabled: false, pageLoadStrategy: normal, platformName: linux, proxy: Proxy(), se:cdp: ws://localhost:39219/devtoo..., se:cdpVersion: 117.0.5938.149, setWindowRect: true, strictFileInteractability: false, timeouts: {implicit: 0, pageLoad: 300000, script: 30000}, unhandledPromptBehavior: dismiss and notify, webauthn:extension:credBlob: true, webauthn:extension:largeBlob: true, webauthn:extension:minPinLength: true, webauthn:extension:prf: true, webauthn:virtualAuthenticators: true}
Session ID: 187a17ba9edbc85c2b9e560c71b26c9e
at org.openqa.selenium.remote.codec.w3c.W3CHttpResponseCodec.decode(W3CHttpResponseCodec.java:136)
at org.openqa.selenium.remote.codec.w3c.W3CHttpResponseCodec.decode(W3CHttpResponseCodec.java:50)
at org.openqa.selenium.remote.HttpCommandExecutor.execute(HttpCommandExecutor.java:190)
at org.openqa.selenium.remote.service.DriverCommandExecutor.invokeExecute(DriverCommandExecutor.java:216)
at org.openqa.selenium.remote.service.DriverCommandExecutor.execute(DriverCommandExecutor.java:174)
at org.openqa.selenium.remote.RemoteWebDriver.execute(RemoteWebDriver.java:518)
at org.openqa.selenium.remote.ElementLocation$ElementFinder$2.findElement(ElementLocation.java:165)
at org.openqa.selenium.remote.ElementLocation.findElement(ElementLocation.java:59)
at org.openqa.selenium.remote.RemoteWebDriver.findElement(RemoteWebDriver.java:355)
at org.openqa.selenium.remote.RemoteWebDriver.findElement(RemoteWebDriver.java:349)
at org.openqa.selenium.support.pagefactory.DefaultElementLocator.findElement(DefaultElementLocator.java:68)
at org.openqa.selenium.support.pagefactory.internal.LocatingElementHandler.invoke(LocatingElementHandler.java:38)
at com.sun.proxy.$Proxy16.isDisplayed(Unknown Source)
at org.openqa.selenium.support.ui.ExpectedConditions.elementIfVisible(ExpectedConditions.java:304)
at org.openqa.selenium.support.ui.ExpectedConditions$10.apply(ExpectedConditions.java:290)
at org.openqa.selenium.support.ui.ExpectedConditions$10.apply(ExpectedConditions.java:287)
at org.openqa.selenium.support.ui.FluentWait.until(FluentWait.java:203)
at util.TestUtil.explicitWait(TestUtil.java:28)
at util.TestUtil.clickOn(TestUtil.java:49)
at pages.CartPage.goToPaymentPage(CartPage.java:84)
at testCases.PaymentInfoPageTest.verifyPurchaseWithoutInfo(PaymentInfoPageTest.java:33)
at java.base/jdk.internal.reflect.NativeMethodAccessorImpl.invoke0(Native Method)
at java.base/jdk.internal.reflect.NativeMethodAccessorImpl.invoke(NativeMethodAccessorImpl.java:62)
at java.base/jdk.internal.reflect.DelegatingMethodAccessorImpl.invoke(DelegatingMethodAccessorImpl.java:43)
at java.base/java.lang.reflect.Method.invoke(Method.java:566)
at org.testng.internal.MethodInvocationHelper.invokeMethod(MethodInvocationHelper.java:133)
at org.testng.internal.TestInvoker.invokeMethod(TestInvoker.java:598)
at org.testng.internal.TestInvoker.invokeTestMethod(TestInvoker.java:173)
at org.testng.internal.MethodRunner.runInSequence(MethodRunner.java:46)
at org.testng.internal.TestInvoker$MethodInvocationAgent.invoke(TestInvoker.java:824)
at org.testng.internal.TestInvoker.invokeTestMethods(TestInvoker.java:146)
at org.testng.internal.TestMethodWorker.invokeTestMethods(TestMethodWorker.java:146)
at org.testng.internal.TestMethodWorker.run(TestMethodWorker.java:128)
at java.base/java.util.ArrayList.forEach(ArrayList.java:1541)
at org.testng.TestRunner.privateRun(TestRunner.java:794)
at org.testng.TestRunner.run(TestRunner.java:596)
at org.testng.SuiteRunner.runTest(SuiteRunner.java:377)
at org.testng.SuiteRunner.runSequentially(SuiteRunner.java:371)
at org.testng.SuiteRunner.privateRun(SuiteRunner.java:332)
at org.testng.SuiteRunner.run(SuiteRunner.java:276)
at org.testng.SuiteRunnerWorker.runSuite(SuiteRunnerWorker.java:53)
at org.testng.SuiteRunnerWorker.run(SuiteRunnerWorker.java:96)
at org.testng.TestNG.runSuitesSequentially(TestNG.java:1212)
at org.testng.TestNG.runSuitesLocally(TestNG.java:1134)
at org.testng.TestNG.runSuites(TestNG.java:1063)
at org.testng.TestNG.run(TestNG.java:1031)
at org.testng.remote.AbstractRemoteTestNG.run(AbstractRemoteTestNG.java:115)
at org.testng.remote.RemoteTestNG.initAndRun(RemoteTestNG.java:293)
at org.testng.remote.RemoteTestNG.main(RemoteTestNG.java:91)
]]>
            </full-stacktrace>
          </exception> <!-- org.openqa.selenium.UnhandledAlertException -->
          <reporter-output>
          </reporter-output>
        </test-method> <!-- verifyPurchaseWithoutInfo -->
        <test-method signature="verifyPurchaseWithInfo()[pri:1, instance:testCases.PaymentInfoPageTest@2a3b5b47]" started-at="2024-05-24T19:32:42 IST" name="verifyPurchaseWithInfo" finished-at="2024-05-24T19:32:42 IST" duration-ms="6" status="FAIL">
          <exception class="java.lang.NullPointerException">
            <full-stacktrace>
              <![CDATA[java.lang.NullPointerException
at testCases.PaymentInfoPageTest.verifyPurchaseWithInfo(PaymentInfoPageTest.java:49)
at java.base/jdk.internal.reflect.NativeMethodAccessorImpl.invoke0(Native Method)
at java.base/jdk.internal.reflect.NativeMethodAccessorImpl.invoke(NativeMethodAccessorImpl.java:62)
at java.base/jdk.internal.reflect.DelegatingMethodAccessorImpl.invoke(DelegatingMethodAccessorImpl.java:43)
at java.base/java.lang.reflect.Method.invoke(Method.java:566)
at org.testng.internal.MethodInvocationHelper.invokeMethod(MethodInvocationHelper.java:133)
at org.testng.internal.TestInvoker.invokeMethod(TestInvoker.java:598)
at org.testng.internal.TestInvoker.invokeTestMethod(TestInvoker.java:173)
at org.testng.internal.MethodRunner.runInSequence(MethodRunner.java:46)
at org.testng.internal.TestInvoker$MethodInvocationAgent.invoke(TestInvoker.java:824)
at org.testng.internal.TestInvoker.invokeTestMethods(TestInvoker.java:146)
at org.testng.internal.TestMethodWorker.invokeTestMethods(TestMethodWorker.java:146)
at org.testng.internal.TestMethodWorker.run(TestMethodWorker.java:128)
at java.base/java.util.ArrayList.forEach(ArrayList.java:1541)
at org.testng.TestRunner.privateRun(TestRunner.java:794)
at org.testng.TestRunner.run(TestRunner.java:596)
at org.testng.SuiteRunner.runTest(SuiteRunner.java:377)
at org.testng.SuiteRunner.runSequentially(SuiteRunner.java:371)
at org.testng.SuiteRunner.privateRun(SuiteRunner.java:332)
at org.testng.SuiteRunner.run(SuiteRunner.java:276)
at org.testng.SuiteRunnerWorker.runSuite(SuiteRunnerWorker.java:53)
at org.testng.SuiteRunnerWorker.run(SuiteRunnerWorker.java:96)
at org.testng.TestNG.runSuitesSequentially(TestNG.java:1212)
at org.testng.TestNG.runSuitesLocally(TestNG.java:1134)
at org.testng.TestNG.runSuites(TestNG.java:1063)
at org.testng.TestNG.run(TestNG.java:1031)
at org.testng.remote.AbstractRemoteTestNG.run(AbstractRemoteTestNG.java:115)
at org.testng.remote.RemoteTestNG.initAndRun(RemoteTestNG.java:293)
at org.testng.remote.RemoteTestNG.main(RemoteTestNG.java:91)
]]>
            </full-stacktrace>
          </exception> <!-- java.lang.NullPointerException -->
          <reporter-output>
          </reporter-output>
        </test-method> <!-- verifyPurchaseWithInfo -->
      </class> <!-- testCases.PaymentInfoPageTest -->
      <class name="testCases.LoginPageTest">
        <test-method is-config="true" signature="start()[pri:0, instance:testCases.LoginPageTest@351d00c0]" started-at="2024-05-24T19:31:52 IST" name="start" finished-at="2024-05-24T19:32:06 IST" duration-ms="14022" status="PASS">
          <reporter-output>
          </reporter-output>
        </test-method> <!-- start -->
        <test-method signature="loginTest(java.lang.String,java.lang.String,java.lang.String)[pri:0, instance:testCases.LoginPageTest@351d00c0]" started-at="2024-05-24T19:32:06 IST" name="loginTest" data-provider="LoginData" finished-at="2024-05-24T19:32:12 IST" duration-ms="5678" status="PASS">
          <params>
            <param index="0">
              <value>
                <![CDATA[Harish16]]>
              </value>
            </param>
            <param index="1">
              <value>
                <![CDATA[pass16]]>
              </value>
            </param>
            <param index="2">
              <value>
                <![CDATA[Invalid]]>
              </value>
            </param>
          </params>
          <reporter-output>
          </reporter-output>
        </test-method> <!-- loginTest -->
        <test-method is-config="true" signature="start()[pri:0, instance:testCases.LoginPageTest@351d00c0]" started-at="2024-05-24T19:32:12 IST" name="start" finished-at="2024-05-24T19:32:19 IST" duration-ms="6722" status="PASS">
          <reporter-output>
          </reporter-output>
        </test-method> <!-- start -->
        <test-method signature="loginTest(java.lang.String,java.lang.String,java.lang.String)[pri:0, instance:testCases.LoginPageTest@351d00c0]" started-at="2024-05-24T19:32:19 IST" name="loginTest" data-provider="LoginData" finished-at="2024-05-24T19:32:24 IST" duration-ms="5562" status="PASS">
          <params>
            <param index="0">
              <value>
                <![CDATA[Archana26]]>
              </value>
            </param>
            <param index="1">
              <value>
                <![CDATA[pass26]]>
              </value>
            </param>
            <param index="2">
              <value>
                <![CDATA[Invalid]]>
              </value>
            </param>
          </params>
          <reporter-output>
          </reporter-output>
        </test-method> <!-- loginTest -->
        <test-method is-config="true" signature="start()[pri:0, instance:testCases.LoginPageTest@351d00c0]" started-at="2024-05-24T19:32:24 IST" name="start" finished-at="2024-05-24T19:32:30 IST" duration-ms="5848" status="PASS">
          <reporter-output>
          </reporter-output>
        </test-method> <!-- start -->
        <test-method signature="loginTest(java.lang.String,java.lang.String,java.lang.String)[pri:0, instance:testCases.LoginPageTest@351d00c0]" started-at="2024-05-24T19:32:30 IST" name="loginTest" data-provider="LoginData" finished-at="2024-05-24T19:32:35 IST" duration-ms="4576" status="PASS">
          <params>
            <param index="0">
              <value>
                <![CDATA[Anand01]]>
              </value>
            </param>
            <param index="1">
              <value>
                <![CDATA[pass01]]>
              </value>
            </param>
            <param index="2">
              <value>
                <![CDATA[Valid]]>
              </value>
            </param>
          </params>
          <reporter-output>
          </reporter-output>
        </test-method> <!-- loginTest -->
      </class> <!-- testCases.LoginPageTest -->
      <class name="testCases.PRoductInfoPageTest">
        <test-method is-config="true" signature="set()[pri:0, instance:testCases.PRoductInfoPageTest@3349e9bb]" started-at="2024-05-24T19:30:10 IST" name="set" finished-at="2024-05-24T19:30:26 IST" duration-ms="16477" status="PASS">
          <reporter-output>
          </reporter-output>
        </test-method> <!-- set -->
        <test-method signature="selectLappy()[pri:0, instance:testCases.PRoductInfoPageTest@3349e9bb]" started-at="2024-05-24T19:30:26 IST" name="selectLappy" finished-at="2024-05-24T19:30:46 IST" duration-ms="19536" status="PASS">
          <reporter-output>
          </reporter-output>
        </test-method> <!-- selectLappy -->
        <test-method is-config="true" signature="set()[pri:0, instance:testCases.PRoductInfoPageTest@3349e9bb]" started-at="2024-05-24T19:30:46 IST" name="set" finished-at="2024-05-24T19:30:56 IST" duration-ms="10325" status="PASS">
          <reporter-output>
          </reporter-output>
        </test-method> <!-- set -->
        <test-method signature="selectMonitor()[pri:0, instance:testCases.PRoductInfoPageTest@3349e9bb]" started-at="2024-05-24T19:30:56 IST" name="selectMonitor" finished-at="2024-05-24T19:31:08 IST" duration-ms="12526" status="PASS">
          <reporter-output>
          </reporter-output>
        </test-method> <!-- selectMonitor -->
        <test-method is-config="true" signature="set()[pri:0, instance:testCases.PRoductInfoPageTest@3349e9bb]" started-at="2024-05-24T19:31:08 IST" name="set" finished-at="2024-05-24T19:31:16 IST" duration-ms="7450" status="PASS">
          <reporter-output>
          </reporter-output>
        </test-method> <!-- set -->
        <test-method signature="selectPhone()[pri:0, instance:testCases.PRoductInfoPageTest@3349e9bb]" started-at="2024-05-24T19:31:16 IST" name="selectPhone" finished-at="2024-05-24T19:31:28 IST" duration-ms="11717" status="PASS">
          <reporter-output>
          </reporter-output>
        </test-method> <!-- selectPhone -->
      </class> <!-- testCases.PRoductInfoPageTest -->
      <class name="testCases.CartPageTest">
        <test-method is-config="true" signature="set()[pri:0, instance:testCases.CartPageTest@409bf450]" started-at="2024-05-24T19:31:28 IST" name="set" finished-at="2024-05-24T19:31:31 IST" duration-ms="2928" status="PASS">
          <reporter-output>
          </reporter-output>
        </test-method> <!-- set -->
        <test-method signature="goToCart()[pri:0, instance:testCases.CartPageTest@409bf450]" started-at="2024-05-24T19:31:31 IST" name="goToCart" finished-at="2024-05-24T19:31:36 IST" duration-ms="5867" status="PASS">
          <reporter-output>
          </reporter-output>
        </test-method> <!-- goToCart -->
        <test-method is-config="true" signature="set()[pri:0, instance:testCases.CartPageTest@409bf450]" started-at="2024-05-24T19:31:36 IST" name="set" finished-at="2024-05-24T19:31:39 IST" duration-ms="2638" status="PASS">
          <reporter-output>
          </reporter-output>
        </test-method> <!-- set -->
        <test-method signature="validateDeleteItem()[pri:1, instance:testCases.CartPageTest@409bf450]" started-at="2024-05-24T19:31:39 IST" name="validateDeleteItem" finished-at="2024-05-24T19:31:44 IST" duration-ms="5326" status="PASS">
          <reporter-output>
          </reporter-output>
        </test-method> <!-- validateDeleteItem -->
        <test-method is-config="true" signature="set()[pri:0, instance:testCases.CartPageTest@409bf450]" started-at="2024-05-24T19:31:44 IST" name="set" finished-at="2024-05-24T19:31:49 IST" duration-ms="4336" status="PASS">
          <reporter-output>
          </reporter-output>
        </test-method> <!-- set -->
        <test-method signature="valiadteTotalProductPrice()[pri:2, instance:testCases.CartPageTest@409bf450]" started-at="2024-05-24T19:31:49 IST" name="valiadteTotalProductPrice" finished-at="2024-05-24T19:31:49 IST" duration-ms="117" status="PASS">
          <reporter-output>
          </reporter-output>
        </test-method> <!-- valiadteTotalProductPrice -->
      </class> <!-- testCases.CartPageTest -->
      <class name="testCases.SignUpPageTest">
        <test-method is-config="true" signature="setUp()[pri:0, instance:testCases.SignUpPageTest@130d63be]" started-at="2024-05-24T19:29:22 IST" name="setUp" finished-at="2024-05-24T19:29:44 IST" duration-ms="21650" status="PASS">
          <reporter-output>
          </reporter-output>
        </test-method> <!-- setUp -->
        <test-method is-config="true" signature="set()[pri:0, instance:testCases.SignUpPageTest@130d63be]" started-at="2024-05-24T19:29:44 IST" name="set" finished-at="2024-05-24T19:30:08 IST" duration-ms="24410" status="PASS">
          <reporter-output>
          </reporter-output>
        </test-method> <!-- set -->
        <test-method signature="registerUser()[pri:0, instance:testCases.SignUpPageTest@130d63be]" started-at="2024-05-24T19:30:08 IST" name="registerUser" finished-at="2024-05-24T19:30:10 IST" duration-ms="1410" status="PASS">
          <reporter-output>
          </reporter-output>
        </test-method> <!-- registerUser -->
        <test-method is-config="true" signature="tearDown()[pri:0, instance:testCases.SignUpPageTest@130d63be]" started-at="2024-05-24T19:32:51 IST" name="tearDown" finished-at="2024-05-24T19:32:51 IST" duration-ms="106" status="PASS">
          <reporter-output>
          </reporter-output>
        </test-method> <!-- tearDown -->
      </class> <!-- testCases.SignUpPageTest -->
      <class name="testCases.HomePageTest">
        <test-method is-config="true" signature="set()[pri:0, instance:testCases.HomePageTest@55b699ef]" started-at="2024-05-24T19:32:42 IST" name="set" finished-at="2024-05-24T19:32:47 IST" duration-ms="5113" status="PASS">
          <reporter-output>
          </reporter-output>
        </test-method> <!-- set -->
        <test-method signature="verifyLogo()[pri:0, instance:testCases.HomePageTest@55b699ef]" started-at="2024-05-24T19:32:47 IST" name="verifyLogo" finished-at="2024-05-24T19:32:47 IST" duration-ms="97" status="PASS">
          <reporter-output>
          </reporter-output>
        </test-method> <!-- verifyLogo -->
        <test-method is-config="true" signature="set()[pri:0, instance:testCases.HomePageTest@55b699ef]" started-at="2024-05-24T19:32:47 IST" name="set" finished-at="2024-05-24T19:32:51 IST" duration-ms="3479" status="PASS">
          <reporter-output>
          </reporter-output>
        </test-method> <!-- set -->
        <test-method signature="verifyTitle()[pri:0, instance:testCases.HomePageTest@55b699ef]" started-at="2024-05-24T19:32:51 IST" name="verifyTitle" finished-at="2024-05-24T19:32:51 IST" duration-ms="21" status="PASS">
          <reporter-output>
          </reporter-output>
        </test-method> <!-- verifyTitle -->
      </class> <!-- testCases.HomePageTest -->
    </test> <!-- Test -->
  </suite> <!-- Suite -->
</testng-results>
